<?xml version="1.0" encoding="UTF-8"?>
<coverage generated="1665437278147" clover="3.2.0">
  <project timestamp="1665437278148" name="All files">
    <metrics statements="22" coveredstatements="19" conditionals="2" coveredconditionals="1" methods="5" coveredmethods="5" elements="29" coveredelements="25" complexity="0" loc="22" ncloc="22" packages="3" files="3" classes="3"/>
    <package name="controllers">
      <metrics statements="6" coveredstatements="5" conditionals="0" coveredconditionals="0" methods="1" coveredmethods="1"/>
      <file name="players.js" path="C:\Users\CamilaPessoa\Documents\Futureproof\get_quizzical\lets-get-quizzical\Lets_Get_Quizzical_Backend\controllers\players.js">
        <metrics statements="6" coveredstatements="5" conditionals="0" coveredconditionals="0" methods="1" coveredmethods="1"/>
        <line num="1" count="1" type="stmt"/>
        <line num="5" count="2" type="stmt"/>
        <line num="6" count="2" type="stmt"/>
        <line num="7" count="2" type="stmt"/>
        <line num="9" count="0" type="stmt"/>
        <line num="13" count="1" type="stmt"/>
      </file>
    </package>
    <package name="dbConfig">
      <metrics statements="5" coveredstatements="4" conditionals="2" coveredconditionals="1" methods="0" coveredmethods="0"/>
      <file name="init.js" path="C:\Users\CamilaPessoa\Documents\Futureproof\get_quizzical\lets-get-quizzical\Lets_Get_Quizzical_Backend\dbConfig\init.js">
        <metrics statements="5" coveredstatements="4" conditionals="2" coveredconditionals="1" methods="0" coveredmethods="0"/>
        <line num="1" count="2" type="stmt"/>
        <line num="4" count="2" type="cond" truecount="1" falsecount="1"/>
        <line num="5" count="0" type="stmt"/>
        <line num="13" count="2" type="stmt"/>
        <line num="15" count="2" type="stmt"/>
      </file>
    </package>
    <package name="models">
      <metrics statements="11" coveredstatements="10" conditionals="0" coveredconditionals="0" methods="4" coveredmethods="4"/>
      <file name="Player.js" path="C:\Users\CamilaPessoa\Documents\Futureproof\get_quizzical\lets-get-quizzical\Lets_Get_Quizzical_Backend\models\Player.js">
        <metrics statements="11" coveredstatements="10" conditionals="0" coveredconditionals="0" methods="4" coveredmethods="4"/>
        <line num="1" count="2" type="stmt"/>
        <line num="6" count="3" type="stmt"/>
        <line num="7" count="3" type="stmt"/>
        <line num="8" count="3" type="stmt"/>
        <line num="12" count="1" type="stmt"/>
        <line num="13" count="1" type="stmt"/>
        <line num="14" count="1" type="stmt"/>
        <line num="15" count="3" type="stmt"/>
        <line num="16" count="1" type="stmt"/>
        <line num="18" count="0" type="stmt"/>
        <line num="24" count="2" type="stmt"/>
      </file>
    </package>
  </project>
</coverage>
