{"C:\\Users\\CamilaPessoa\\Documents\\Futureproof\\get_quizzical\\lets-get-quizzical\\Lets_Get_Quizzical_Backend\\controllers\\players.js": {"path":"C:\\Users\\CamilaPessoa\\Documents\\Futureproof\\get_quizzical\\lets-get-quizzical\\Lets_Get_Quizzical_Backend\\controllers\\players.js","statementMap":{"0":{"start":{"line":1,"column":15},"end":{"line":1,"column":42}},"1":{"start":{"line":5,"column":2},"end":{"line":10,"column":3}},"2":{"start":{"line":6,"column":20},"end":{"line":6,"column":36}},"3":{"start":{"line":7,"column":4},"end":{"line":7,"column":33}},"4":{"start":{"line":9,"column":4},"end":{"line":9,"column":31}},"5":{"start":{"line":13,"column":0},"end":{"line":13,"column":26}}},"fnMap":{"0":{"name":"index","decl":{"start":{"line":3,"column":15},"end":{"line":3,"column":20}},"loc":{"start":{"line":3,"column":31},"end":{"line":11,"column":1}},"line":3}},"branchMap":{},"s":{"0":1,"1":2,"2":2,"3":2,"4":0,"5":1},"f":{"0":2},"b":{},"_coverageSchema":"1a1c01bbd47fc00a2c39e90264f33305004495a9","hash":"63d22dfc03439332245b17ec0969b70fc5681849"}
,"C:\\Users\\CamilaPessoa\\Documents\\Futureproof\\get_quizzical\\lets-get-quizzical\\Lets_Get_Quizzical_Backend\\dbConfig\\init.js": {"path":"C:\\Users\\CamilaPessoa\\Documents\\Futureproof\\get_quizzical\\lets-get-quizzical\\Lets_Get_Quizzical_Backend\\dbConfig\\init.js","statementMap":{"0":{"start":{"line":1,"column":15},"end":{"line":1,"column":28}},"1":{"start":{"line":4,"column":0},"end":{"line":11,"column":1}},"2":{"start":{"line":5,"column":4},"end":{"line":10,"column":5}},"3":{"start":{"line":13,"column":13},"end":{"line":13,"column":29}},"4":{"start":{"line":15,"column":0},"end":{"line":15,"column":22}}},"fnMap":{},"branchMap":{"0":{"loc":{"start":{"line":4,"column":0},"end":{"line":11,"column":1}},"type":"if","locations":[{"start":{"line":4,"column":0},"end":{"line":11,"column":1}},{"start":{},"end":{}}],"line":4}},"s":{"0":2,"1":2,"2":0,"3":2,"4":2},"f":{},"b":{"0":[0,2]},"_coverageSchema":"1a1c01bbd47fc00a2c39e90264f33305004495a9","hash":"2e14a44169d47a6fc47f4ed70680df2721b49315"}
,"C:\\Users\\CamilaPessoa\\Documents\\Futureproof\\get_quizzical\\lets-get-quizzical\\Lets_Get_Quizzical_Backend\\models\\Player.js": {"path":"C:\\Users\\CamilaPessoa\\Documents\\Futureproof\\get_quizzical\\lets-get-quizzical\\Lets_Get_Quizzical_Backend\\models\\Player.js","statementMap":{"0":{"start":{"line":1,"column":11},"end":{"line":1,"column":39}},"1":{"start":{"line":6,"column":4},"end":{"line":6,"column":21}},"2":{"start":{"line":7,"column":4},"end":{"line":7,"column":33}},"3":{"start":{"line":8,"column":4},"end":{"line":8,"column":27}},"4":{"start":{"line":12,"column":4},"end":{"line":20,"column":6}},"5":{"start":{"line":13,"column":6},"end":{"line":19,"column":7}},"6":{"start":{"line":14,"column":28},"end":{"line":14,"column":68}},"7":{"start":{"line":15,"column":24},"end":{"line":15,"column":64}},"8":{"start":{"line":15,"column":50},"end":{"line":15,"column":63}},"9":{"start":{"line":16,"column":8},"end":{"line":16,"column":21}},"10":{"start":{"line":18,"column":8},"end":{"line":18,"column":47}},"11":{"start":{"line":24,"column":0},"end":{"line":24,"column":24}}},"fnMap":{"0":{"name":"(anonymous_0)","decl":{"start":{"line":5,"column":2},"end":{"line":5,"column":3}},"loc":{"start":{"line":5,"column":20},"end":{"line":9,"column":3}},"line":5},"1":{"name":"(anonymous_1)","decl":{"start":{"line":11,"column":2},"end":{"line":11,"column":3}},"loc":{"start":{"line":11,"column":19},"end":{"line":21,"column":3}},"line":11},"2":{"name":"(anonymous_2)","decl":{"start":{"line":12,"column":23},"end":{"line":12,"column":24}},"loc":{"start":{"line":12,"column":41},"end":{"line":20,"column":5}},"line":12},"3":{"name":"(anonymous_3)","decl":{"start":{"line":15,"column":45},"end":{"line":15,"column":46}},"loc":{"start":{"line":15,"column":50},"end":{"line":15,"column":63}},"line":15}},"branchMap":{},"s":{"0":2,"1":3,"2":3,"3":3,"4":1,"5":1,"6":1,"7":1,"8":3,"9":1,"10":0,"11":2},"f":{"0":3,"1":1,"2":1,"3":3},"b":{},"_coverageSchema":"1a1c01bbd47fc00a2c39e90264f33305004495a9","hash":"369deb94639ba572e80acda54cb80d8d2f61ae3c"}
}
