TN:
SF:controllers\players.js
FN:3,index
FNF:1
FNH:1
FNDA:2,index
DA:1,1
DA:5,2
DA:6,2
DA:7,2
DA:9,0
DA:13,1
LF:6
LH:5
BRF:0
BRH:0
end_of_record
TN:
SF:dbConfig\init.js
FNF:0
FNH:0
DA:1,2
DA:4,2
DA:5,0
DA:13,2
DA:15,2
LF:5
LH:4
BRDA:4,0,0,0
BRDA:4,0,1,2
BRF:2
BRH:1
end_of_record
TN:
SF:models\Player.js
FN:5,(anonymous_0)
FN:11,(anonymous_1)
FN:12,(anonymous_2)
FN:15,(anonymous_3)
FNF:4
FNH:4
FNDA:3,(anonymous_0)
FNDA:1,(anonymous_1)
FNDA:1,(anonymous_2)
FNDA:3,(anonymous_3)
DA:1,2
DA:6,3
DA:7,3
DA:8,3
DA:12,1
DA:13,1
DA:14,1
DA:15,3
DA:16,1
DA:18,0
DA:24,2
LF:11
LH:10
BRF:0
BRH:0
end_of_record
